2023-05-04 12:02:54.245 gilbreth-b004.rcac.purdue.edu monitor.cpu.percent 8.1
2023-05-04 12:02:55.247 gilbreth-b004.rcac.purdue.edu monitor.cpu.percent 5.4
2023-05-04 12:02:56.248 gilbreth-b004.rcac.purdue.edu monitor.cpu.percent 7.1
2023-05-04 12:02:57.249 gilbreth-b004.rcac.purdue.edu monitor.cpu.percent 10.5
2023-05-04 12:02:58.250 gilbreth-b004.rcac.purdue.edu monitor.cpu.percent 10.0
2023-05-04 12:02:59.251 gilbreth-b004.rcac.purdue.edu monitor.cpu.percent 9.5
2023-05-04 12:03:00.252 gilbreth-b004.rcac.purdue.edu monitor.cpu.percent 10.7
2023-05-04 12:03:01.253 gilbreth-b004.rcac.purdue.edu monitor.cpu.percent 12.7
2023-05-04 12:03:02.254 gilbreth-b004.rcac.purdue.edu monitor.cpu.percent 10.6
2023-05-04 12:03:03.255 gilbreth-b004.rcac.purdue.edu monitor.cpu.percent 13.1
2023-05-04 12:03:04.256 gilbreth-b004.rcac.purdue.edu monitor.cpu.percent 9.8
2023-05-04 12:03:05.257 gilbreth-b004.rcac.purdue.edu monitor.cpu.percent 10.7
2023-05-04 12:03:06.258 gilbreth-b004.rcac.purdue.edu monitor.cpu.percent 9.1
2023-05-04 12:03:07.259 gilbreth-b004.rcac.purdue.edu monitor.cpu.percent 10.4
2023-05-04 12:03:08.260 gilbreth-b004.rcac.purdue.edu monitor.cpu.percent 10.4
2023-05-04 12:03:09.261 gilbreth-b004.rcac.purdue.edu monitor.cpu.percent 11.3
2023-05-04 12:03:10.262 gilbreth-b004.rcac.purdue.edu monitor.cpu.percent 10.2
2023-05-04 12:03:11.263 gilbreth-b004.rcac.purdue.edu monitor.cpu.percent 10.8
2023-05-04 12:03:12.264 gilbreth-b004.rcac.purdue.edu monitor.cpu.percent 9.1
2023-05-04 12:03:13.265 gilbreth-b004.rcac.purdue.edu monitor.cpu.percent 9.8
2023-05-04 12:03:14.266 gilbreth-b004.rcac.purdue.edu monitor.cpu.percent 9.2
2023-05-04 12:03:15.267 gilbreth-b004.rcac.purdue.edu monitor.cpu.percent 9.9
2023-05-04 12:03:16.268 gilbreth-b004.rcac.purdue.edu monitor.cpu.percent 9.2
2023-05-04 12:03:17.269 gilbreth-b004.rcac.purdue.edu monitor.cpu.percent 9.6
2023-05-04 12:03:18.270 gilbreth-b004.rcac.purdue.edu monitor.cpu.percent 10.1
2023-05-04 12:03:19.271 gilbreth-b004.rcac.purdue.edu monitor.cpu.percent 9.7
2023-05-04 12:03:20.272 gilbreth-b004.rcac.purdue.edu monitor.cpu.percent 9.3
2023-05-04 12:03:21.273 gilbreth-b004.rcac.purdue.edu monitor.cpu.percent 10.8
2023-05-04 12:03:22.274 gilbreth-b004.rcac.purdue.edu monitor.cpu.percent 9.1
2023-05-04 12:03:23.275 gilbreth-b004.rcac.purdue.edu monitor.cpu.percent 9.8
2023-05-04 12:03:24.276 gilbreth-b004.rcac.purdue.edu monitor.cpu.percent 9.5
2023-05-04 12:03:25.277 gilbreth-b004.rcac.purdue.edu monitor.cpu.percent 9.6
2023-05-04 12:03:26.278 gilbreth-b004.rcac.purdue.edu monitor.cpu.percent 9.7
2023-05-04 12:03:27.279 gilbreth-b004.rcac.purdue.edu monitor.cpu.percent 9.8
2023-05-04 12:03:28.280 gilbreth-b004.rcac.purdue.edu monitor.cpu.percent 9.1
2023-05-04 12:03:29.283 gilbreth-b004.rcac.purdue.edu monitor.cpu.percent 10.5
2023-05-04 12:03:30.291 gilbreth-b004.rcac.purdue.edu monitor.cpu.percent 9.1
2023-05-04 12:03:31.292 gilbreth-b004.rcac.purdue.edu monitor.cpu.percent 10.8
2023-05-04 12:03:32.293 gilbreth-b004.rcac.purdue.edu monitor.cpu.percent 9.7
2023-05-04 12:03:33.294 gilbreth-b004.rcac.purdue.edu monitor.cpu.percent 9.6
2023-05-04 12:03:34.295 gilbreth-b004.rcac.purdue.edu monitor.cpu.percent 9.6
2023-05-04 12:03:35.296 gilbreth-b004.rcac.purdue.edu monitor.cpu.percent 9.9
2023-05-04 12:03:36.297 gilbreth-b004.rcac.purdue.edu monitor.cpu.percent 9.5
2023-05-04 12:03:37.298 gilbreth-b004.rcac.purdue.edu monitor.cpu.percent 10.3
2023-05-04 12:03:38.299 gilbreth-b004.rcac.purdue.edu monitor.cpu.percent 9.2
2023-05-04 12:03:39.300 gilbreth-b004.rcac.purdue.edu monitor.cpu.percent 9.8
2023-05-04 12:03:40.301 gilbreth-b004.rcac.purdue.edu monitor.cpu.percent 9.9
2023-05-04 12:03:41.302 gilbreth-b004.rcac.purdue.edu monitor.cpu.percent 10.6
2023-05-04 12:03:42.303 gilbreth-b004.rcac.purdue.edu monitor.cpu.percent 9.0
2023-05-04 12:03:43.304 gilbreth-b004.rcac.purdue.edu monitor.cpu.percent 10.3
2023-05-04 12:03:44.305 gilbreth-b004.rcac.purdue.edu monitor.cpu.percent 9.2
2023-05-04 12:03:45.306 gilbreth-b004.rcac.purdue.edu monitor.cpu.percent 10.0
2023-05-04 12:03:46.307 gilbreth-b004.rcac.purdue.edu monitor.cpu.percent 10.1
2023-05-04 12:03:47.308 gilbreth-b004.rcac.purdue.edu monitor.cpu.percent 9.6
2023-05-04 12:03:48.309 gilbreth-b004.rcac.purdue.edu monitor.cpu.percent 9.5
2023-05-04 12:03:49.310 gilbreth-b004.rcac.purdue.edu monitor.cpu.percent 9.8
2023-05-04 12:03:50.311 gilbreth-b004.rcac.purdue.edu monitor.cpu.percent 9.0
2023-05-04 12:03:51.312 gilbreth-b004.rcac.purdue.edu monitor.cpu.percent 11.1
2023-05-04 12:03:52.313 gilbreth-b004.rcac.purdue.edu monitor.cpu.percent 9.2
2023-05-04 12:03:53.314 gilbreth-b004.rcac.purdue.edu monitor.cpu.percent 9.8
2023-05-04 12:03:54.315 gilbreth-b004.rcac.purdue.edu monitor.cpu.percent 9.9
2023-05-04 12:03:55.317 gilbreth-b004.rcac.purdue.edu monitor.cpu.percent 9.5
2023-05-04 12:03:56.318 gilbreth-b004.rcac.purdue.edu monitor.cpu.percent 9.1
2023-05-04 12:03:57.319 gilbreth-b004.rcac.purdue.edu monitor.cpu.percent 10.5
2023-05-04 12:03:58.320 gilbreth-b004.rcac.purdue.edu monitor.cpu.percent 9.1
2023-05-04 12:03:59.321 gilbreth-b004.rcac.purdue.edu monitor.cpu.percent 9.9
2023-05-04 12:04:00.322 gilbreth-b004.rcac.purdue.edu monitor.cpu.percent 10.4
2023-05-04 12:04:01.323 gilbreth-b004.rcac.purdue.edu monitor.cpu.percent 10.7
2023-05-04 12:04:02.324 gilbreth-b004.rcac.purdue.edu monitor.cpu.percent 9.8
2023-05-04 12:04:03.325 gilbreth-b004.rcac.purdue.edu monitor.cpu.percent 11.5
2023-05-04 12:04:04.326 gilbreth-b004.rcac.purdue.edu monitor.cpu.percent 9.1
2023-05-04 12:04:05.327 gilbreth-b004.rcac.purdue.edu monitor.cpu.percent 10.8
2023-05-04 12:04:06.331 gilbreth-b004.rcac.purdue.edu monitor.cpu.percent 9.8
2023-05-04 12:04:07.333 gilbreth-b004.rcac.purdue.edu monitor.cpu.percent 10.5
2023-05-04 12:04:08.333 gilbreth-b004.rcac.purdue.edu monitor.cpu.percent 10.2
2023-05-04 12:04:09.334 gilbreth-b004.rcac.purdue.edu monitor.cpu.percent 9.7
2023-05-04 12:04:10.335 gilbreth-b004.rcac.purdue.edu monitor.cpu.percent 9.0
2023-05-04 12:04:11.336 gilbreth-b004.rcac.purdue.edu monitor.cpu.percent 11.2
2023-05-04 12:04:12.337 gilbreth-b004.rcac.purdue.edu monitor.cpu.percent 9.4
2023-05-04 12:04:13.341 gilbreth-b004.rcac.purdue.edu monitor.cpu.percent 9.6
2023-05-04 12:04:14.341 gilbreth-b004.rcac.purdue.edu monitor.cpu.percent 10.0
2023-05-04 12:04:15.342 gilbreth-b004.rcac.purdue.edu monitor.cpu.percent 9.2
2023-05-04 12:04:16.344 gilbreth-b004.rcac.purdue.edu monitor.cpu.percent 9.0
2023-05-04 12:04:17.345 gilbreth-b004.rcac.purdue.edu monitor.cpu.percent 10.2
2023-05-04 12:04:18.346 gilbreth-b004.rcac.purdue.edu monitor.cpu.percent 9.1
2023-05-04 12:04:19.347 gilbreth-b004.rcac.purdue.edu monitor.cpu.percent 9.7
2023-05-04 12:04:20.348 gilbreth-b004.rcac.purdue.edu monitor.cpu.percent 9.8
2023-05-04 12:04:21.349 gilbreth-b004.rcac.purdue.edu monitor.cpu.percent 10.8
2023-05-04 12:04:22.350 gilbreth-b004.rcac.purdue.edu monitor.cpu.percent 9.6
2023-05-04 12:04:23.351 gilbreth-b004.rcac.purdue.edu monitor.cpu.percent 10.1
2023-05-04 12:04:24.352 gilbreth-b004.rcac.purdue.edu monitor.cpu.percent 9.1
2023-05-04 12:04:25.353 gilbreth-b004.rcac.purdue.edu monitor.cpu.percent 9.9
98 gilbreth-d000.rcac.purdue.edu monitor.cpu.percent 14.5
2023-05-04 12:04:22.899 gilbreth-d000.rcac.purdue.edu monitor.cpu.percent 15.0
2023-05-04 12:04:23.900 gilbreth-d000.rcac.purdue.edu monitor.cpu.percent 14.0
:46.895 gilbreth-h000.rcac.purdue.edu monitor.cpu.percent 3.8
2023-05-04 12:02:47.896 gilbreth-h000.rcac.purdue.edu monitor.cpu.percent 4.1
2023-05-04 12:02:48.897 gilbreth-h000.rcac.purdue.edu monitor.cpu.percent 3.8
2023-05-04 12:02:49.898 gilbreth-h000.rcac.purdue.edu monitor.cpu.percent 3.8
2023-05-04 12:02:50.899 gilbreth-h000.rcac.purdue.edu monitor.cpu.percent 3.9
2023-05-04 12:02:51.900 gilbreth-h000.rcac.purdue.edu monitor.cpu.percent 5.0
2023-05-04 12:02:52.901 gilbreth-h000.rcac.purdue.edu monitor.cpu.percent 3.8
2023-05-04 12:02:53.902 gilbreth-h000.rcac.purdue.edu monitor.cpu.percent 3.7
2023-05-04 12:02:54.903 gilbreth-h000.rcac.purdue.edu monitor.cpu.percent 3.5
2023-05-04 12:02:55.904 gilbreth-h000.rcac.purdue.edu monitor.cpu.percent 3.8
2023-05-04 12:02:56.905 gilbreth-h000.rcac.purdue.edu monitor.cpu.percent 3.7
2023-05-04 12:02:57.906 gilbreth-h000.rcac.purdue.edu monitor.cpu.percent 4.1
2023-05-04 12:02:58.907 gilbreth-h000.rcac.purdue.edu monitor.cpu.percent 3.5
2023-05-04 12:02:59.908 gilbreth-h000.rcac.purdue.edu monitor.cpu.percent 3.8
2023-05-04 12:03:00.909 gilbreth-h000.rcac.purdue.edu monitor.cpu.percent 4.0
2023-05-04 12:03:01.910 gilbreth-h000.rcac.purdue.edu monitor.cpu.percent 3.8
2023-05-04 12:03:02.911 gilbreth-h000.rcac.purdue.edu monitor.cpu.percent 3.6
2023-05-04 12:03:03.912 gilbreth-h000.rcac.purdue.edu monitor.cpu.percent 4.0
2023-05-04 12:03:04.913 gilbreth-h000.rcac.purdue.edu monitor.cpu.percent 3.8
2023-05-04 12:03:05.914 gilbreth-h000.rcac.purdue.edu monitor.cpu.percent 3.6
2023-05-04 12:03:06.915 gilbreth-h000.rcac.purdue.edu monitor.cpu.percent 3.6
2023-05-04 12:03:07.916 gilbreth-h000.rcac.purdue.edu monitor.cpu.percent 4.0
2023-05-04 12:03:08.917 gilbreth-h000.rcac.purdue.edu monitor.cpu.percent 3.7
2023-05-04 12:03:09.918 gilbreth-h000.rcac.purdue.edu monitor.cpu.percent 3.9
2023-05-04 12:03:10.919 gilbreth-h000.rcac.purdue.edu monitor.cpu.percent 3.8
2023-05-04 12:03:11.920 gilbreth-h000.rcac.purdue.edu monitor.cpu.percent 3.9
2023-05-04 12:03:12.921 gilbreth-h000.rcac.purdue.edu monitor.cpu.percent 3.7
2023-05-04 12:03:13.922 gilbreth-h000.rcac.purdue.edu monitor.cpu.percent 4.0
2023-05-04 12:03:14.923 gilbreth-h000.rcac.purdue.edu monitor.cpu.percent 3.7
2023-05-04 12:03:15.924 gilbreth-h000.rcac.purdue.edu monitor.cpu.percent 3.8
2023-05-04 12:03:16.925 gilbreth-h000.rcac.purdue.edu monitor.cpu.percent 3.8
2023-05-04 12:03:17.926 gilbreth-h000.rcac.purdue.edu monitor.cpu.percent 3.8
2023-05-04 12:03:18.927 gilbreth-h000.rcac.purdue.edu monitor.cpu.percent 3.7
2023-05-04 12:03:19.928 gilbreth-h000.rcac.purdue.edu monitor.cpu.percent 3.9
2023-05-04 12:03:20.929 gilbreth-h000.rcac.purdue.edu monitor.cpu.percent 3.5
2023-05-04 12:03:21.930 gilbreth-h000.rcac.purdue.edu monitor.cpu.percent 5.0
2023-05-04 12:03:22.931 gilbreth-h000.rcac.purdue.edu monitor.cpu.percent 3.7
2023-05-04 12:03:23.932 gilbreth-h000.rcac.purdue.edu monitor.cpu.percent 4.2
2023-05-04 12:03:24.933 gilbreth-h000.rcac.purdue.edu monitor.cpu.percent 3.6
2023-05-04 12:03:25.934 gilbreth-h000.rcac.purdue.edu monitor.cpu.percent 4.0
2023-05-04 12:03:26.935 gilbreth-h000.rcac.purdue.edu monitor.cpu.percent 3.7
2023-05-04 12:03:27.936 gilbreth-h000.rcac.purdue.edu monitor.cpu.percent 4.3
2023-05-04 12:03:28.937 gilbreth-h000.rcac.purdue.edu monitor.cpu.percent 3.7
2023-05-04 12:03:29.938 gilbreth-h000.rcac.purdue.edu monitor.cpu.percent 3.9
2023-05-04 12:03:30.939 gilbreth-h000.rcac.purdue.edu monitor.cpu.percent 3.6
2023-05-04 12:03:31.940 gilbreth-h000.rcac.purdue.edu monitor.cpu.percent 3.7
2023-05-04 12:03:32.941 gilbreth-h000.rcac.purdue.edu monitor.cpu.percent 3.6
2023-05-04 12:03:33.942 gilbreth-h000.rcac.purdue.edu monitor.cpu.percent 3.9
2023-05-04 12:03:34.943 gilbreth-h000.rcac.purdue.edu monitor.cpu.percent 3.6
2023-05-04 12:03:35.944 gilbreth-h000.rcac.purdue.edu monitor.cpu.percent 3.9
2023-05-04 12:03:36.945 gilbreth-h000.rcac.purdue.edu monitor.cpu.percent 3.8
2023-05-04 12:03:37.946 gilbreth-h000.rcac.purdue.edu monitor.cpu.percent 4.1
2023-05-04 12:03:38.947 gilbreth-h000.rcac.purdue.edu monitor.cpu.percent 3.8
2023-05-04 12:03:39.948 gilbreth-h000.rcac.purdue.edu monitor.cpu.percent 3.8
2023-05-04 12:03:40.949 gilbreth-h000.rcac.purdue.edu monitor.cpu.percent 3.8
2023-05-04 12:03:41.950 gilbreth-h000.rcac.purdue.edu monitor.cpu.percent 3.8
2023-05-04 12:03:42.951 gilbreth-h000.rcac.purdue.edu monitor.cpu.percent 3.7
2023-05-04 12:03:43.952 gilbreth-h000.rcac.purdue.edu monitor.cpu.percent 3.7
2023-05-04 12:03:44.953 gilbreth-h000.rcac.purdue.edu monitor.cpu.percent 3.6
2023-05-04 12:03:45.954 gilbreth-h000.rcac.purdue.edu monitor.cpu.percent 3.8
2023-05-04 12:03:46.955 gilbreth-h000.rcac.purdue.edu monitor.cpu.percent 3.7
2023-05-04 12:03:47.956 gilbreth-h000.rcac.purdue.edu monitor.cpu.percent 3.9
2023-05-04 12:03:48.957 gilbreth-h000.rcac.purdue.edu monitor.cpu.percent 3.6
2023-05-04 12:03:49.958 gilbreth-h000.rcac.purdue.edu monitor.cpu.percent 4.1
2023-05-04 12:03:50.959 gilbreth-h000.rcac.purdue.edu monitor.cpu.percent 3.7
2023-05-04 12:03:51.960 gilbreth-h000.rcac.purdue.edu monitor.cpu.percent 5.1
2023-05-04 12:03:52.961 gilbreth-h000.rcac.purdue.edu monitor.cpu.percent 3.6
2023-05-04 12:03:53.962 gilbreth-h000.rcac.purdue.edu monitor.cpu.percent 4.0
2023-05-04 12:03:54.963 gilbreth-h000.rcac.purdue.edu monitor.cpu.percent 3.5
2023-05-04 12:03:55.964 gilbreth-h000.rcac.purdue.edu monitor.cpu.percent 3.7
2023-05-04 12:03:56.965 gilbreth-h000.rcac.purdue.edu monitor.cpu.percent 3.5
2023-05-04 12:03:57.966 gilbreth-h000.rcac.purdue.edu monitor.cpu.percent 4.2
2023-05-04 12:03:58.967 gilbreth-h000.rcac.purdue.edu monitor.cpu.percent 3.5
2023-05-04 12:03:59.968 gilbreth-h000.rcac.purdue.edu monitor.cpu.percent 3.9
2023-05-04 12:04:00.969 gilbreth-h000.rcac.purdue.edu monitor.cpu.percent 4.0
2023-05-04 12:04:01.970 gilbreth-h000.rcac.purdue.edu monitor.cpu.percent 3.8
2023-05-04 12:04:02.971 gilbreth-h000.rcac.purdue.edu monitor.cpu.percent 3.6
2023-05-04 12:04:03.972 gilbreth-h000.rcac.purdue.edu monitor.cpu.percent 3.9
2023-05-04 12:04:04.979 gilbreth-h000.rcac.purdue.edu monitor.cpu.percent 4.0
2023-05-04 12:04:05.980 gilbreth-h000.rcac.purdue.edu monitor.cpu.percent 3.9
2023-05-04 12:04:06.981 gilbreth-h000.rcac.purdue.edu monitor.cpu.percent 3.8
2023-05-04 12:04:07.982 gilbreth-h000.rcac.purdue.edu monitor.cpu.percent 4.1
2023-05-04 12:04:08.983 gilbreth-h000.rcac.purdue.edu monitor.cpu.percent 3.7
2023-05-04 12:04:09.984 gilbreth-h000.rcac.purdue.edu monitor.cpu.percent 3.8
2023-05-04 12:04:10.985 gilbreth-h000.rcac.purdue.edu monitor.cpu.percent 3.5
2023-05-04 12:04:11.986 gilbreth-h000.rcac.purdue.edu monitor.cpu.percent 3.8
2023-05-04 12:04:12.987 gilbreth-h000.rcac.purdue.edu monitor.cpu.percent 3.7
2023-05-04 12:04:13.988 gilbreth-h000.rcac.purdue.edu monitor.cpu.percent 3.9
2023-05-04 12:04:14.989 gilbreth-h000.rcac.purdue.edu monitor.cpu.percent 3.6
7.2
2023-05-04 12:03:37.623 gilbreth-e010.rcac.purdue.edu monitor.cpu.percent 7.3
2023-05-04 12:03:38.624 gilbreth-e010.rcac.purdue.edu monitor.cpu.percent 9.8
2023-05-04 12:03:39.625 gilbreth-e010.rcac.purdue.edu monitor.cpu.percent 7.4
2023-05-04 12:03:40.626 gilbreth-e010.rcac.purdue.edu monitor.cpu.percent 6.8
2023-05-04 12:03:41.627 gilbreth-e010.rcac.purdue.edu monitor.cpu.percent 7.4
2023-05-04 12:03:42.628 gilbreth-e010.rcac.purdue.edu monitor.cpu.percent 6.8
2023-05-04 12:03:43.629 gilbreth-e010.rcac.purdue.edu monitor.cpu.percent 7.2
2023-05-04 12:03:44.630 gilbreth-e010.rcac.purdue.edu monitor.cpu.percent 7.1
2023-05-04 12:03:45.631 gilbreth-e010.rcac.purdue.edu monitor.cpu.percent 7.2
2023-05-04 12:03:46.632 gilbreth-e010.rcac.purdue.edu monitor.cpu.percent 7.1
2023-05-04 12:03:47.633 gilbreth-e010.rcac.purdue.edu monitor.cpu.percent 7.6
2023-05-04 12:03:48.634 gilbreth-e010.rcac.purdue.edu monitor.cpu.percent 9.6
2023-05-04 12:03:49.635 gilbreth-e010.rcac.purdue.edu monitor.cpu.percent 7.1
2023-05-04 12:03:50.636 gilbreth-e010.rcac.purdue.edu monitor.cpu.percent 7.1
2023-05-04 12:03:51.637 gilbreth-e010.rcac.purdue.edu monitor.cpu.percent 6.9
2023-05-04 12:03:52.638 gilbreth-e010.rcac.purdue.edu monitor.cpu.percent 7.1
2023-05-04 12:03:53.639 gilbreth-e010.rcac.purdue.edu monitor.cpu.percent 7.4
2023-05-04 12:03:54.640 gilbreth-e010.rcac.purdue.edu monitor.cpu.percent 7.1
2023-05-04 12:03:55.641 gilbreth-e010.rcac.purdue.edu monitor.cpu.percent 7.1
2023-05-04 12:03:56.642 gilbreth-e010.rcac.purdue.edu monitor.cpu.percent 7.1
2023-05-04 12:03:57.643 gilbreth-e010.rcac.purdue.edu monitor.cpu.percent 7.3
2023-05-04 12:03:58.644 gilbreth-e010.rcac.purdue.edu monitor.cpu.percent 9.4
2023-05-04 12:03:59.646 gilbreth-e010.rcac.purdue.edu monitor.cpu.percent 7.1
2023-05-04 12:04:00.647 gilbreth-e010.rcac.purdue.edu monitor.cpu.percent 8.3
2023-05-04 12:04:01.648 gilbreth-e010.rcac.purdue.edu monitor.cpu.percent 7.4
2023-05-04 12:04:02.649 gilbreth-e010.rcac.purdue.edu monitor.cpu.percent 7.4
2023-05-04 12:04:03.650 gilbreth-e010.rcac.purdue.edu monitor.cpu.percent 7.1
2023-05-04 12:04:04.651 gilbreth-e010.rcac.purdue.edu monitor.cpu.percent 8.9
2023-05-04 12:04:05.652 gilbreth-e010.rcac.purdue.edu monitor.cpu.percent 9.3
2023-05-04 12:04:06.653 gilbreth-e010.rcac.purdue.edu monitor.cpu.percent 7.1
2023-05-04 12:04:07.654 gilbreth-e010.rcac.purdue.edu monitor.cpu.percent 7.3
2023-05-04 12:04:08.655 gilbreth-e010.rcac.purdue.edu monitor.cpu.percent 9.5
-05-04 12:03:40.739 gilbreth-h001.rcac.purdue.edu monitor.cpu.percent 3.8
2023-05-04 12:03:41.740 gilbreth-h001.rcac.purdue.edu monitor.cpu.percent 3.6
2023-05-04 12:03:42.741 gilbreth-h001.rcac.purdue.edu monitor.cpu.percent 3.8
2023-05-04 12:03:43.742 gilbreth-h001.rcac.purdue.edu monitor.cpu.percent 3.6
2023-05-04 12:03:44.743 gilbreth-h001.rcac.purdue.edu monitor.cpu.percent 3.7
2023-05-04 12:03:45.744 gilbreth-h001.rcac.purdue.edu monitor.cpu.percent 3.6
2023-05-04 12:03:46.745 gilbreth-h001.rcac.purdue.edu monitor.cpu.percent 3.9
2023-05-04 12:03:47.746 gilbreth-h001.rcac.purdue.edu monitor.cpu.percent 3.6
2023-05-04 12:03:48.747 gilbreth-h001.rcac.purdue.edu monitor.cpu.percent 4.0
2023-05-04 12:03:49.748 gilbreth-h001.rcac.purdue.edu monitor.cpu.percent 3.5
2023-05-04 12:03:50.748 gilbreth-h001.rcac.purdue.edu monitor.cpu.percent 3.9
2023-05-04 12:03:51.750 gilbreth-h001.rcac.purdue.edu monitor.cpu.percent 3.7
2023-05-04 12:03:52.751 gilbreth-h001.rcac.purdue.edu monitor.cpu.percent 4.0
2023-05-04 12:03:53.752 gilbreth-h001.rcac.purdue.edu monitor.cpu.percent 3.7
2023-05-04 12:03:54.753 gilbreth-h001.rcac.purdue.edu monitor.cpu.percent 4.1
2023-05-04 12:03:55.753 gilbreth-h001.rcac.purdue.edu monitor.cpu.percent 3.7
2023-05-04 12:03:56.754 gilbreth-h001.rcac.purdue.edu monitor.cpu.percent 4.0
2023-05-04 12:03:57.756 gilbreth-h001.rcac.purdue.edu monitor.cpu.percent 3.6
2023-05-04 12:03:58.756 gilbreth-h001.rcac.purdue.edu monitor.cpu.percent 4.1
2023-05-04 12:03:59.758 gilbreth-h001.rcac.purdue.edu monitor.cpu.percent 3.7
2023-05-04 12:04:00.759 gilbreth-h001.rcac.purdue.edu monitor.cpu.percent 4.7
2023-05-04 12:04:01.760 gilbreth-h001.rcac.purdue.edu monitor.cpu.percent 3.9
2023-05-04 12:04:02.761 gilbreth-h001.rcac.purdue.edu monitor.cpu.percent 4.1
2023-05-04 12:04:03.762 gilbreth-h001.rcac.purdue.edu monitor.cpu.percent 3.7
2023-05-04 12:04:04.763 gilbreth-h001.rcac.purdue.edu monitor.cpu.percent 4.0
2023-05-04 12:04:05.764 gilbreth-h001.rcac.purdue.edu monitor.cpu.percent 3.7
2023-05-04 12:04:06.764 gilbreth-h001.rcac.purdue.edu monitor.cpu.percent 4.0
2023-05-04 12:04:07.766 gilbreth-h001.rcac.purdue.edu monitor.cpu.percent 3.7
