2023-05-04 12:02:55.096 gilbreth-b004.rcac.purdue.edu monitor.gpu.percent [0] 0.0
2023-05-04 12:02:55.096 gilbreth-b004.rcac.purdue.edu monitor.gpu.percent [1] 0.0
2023-05-04 12:02:56.165 gilbreth-b004.rcac.purdue.edu monitor.gpu.percent [0] 0.0
2023-05-04 12:02:56.165 gilbreth-b004.rcac.purdue.edu monitor.gpu.percent [1] 0.0
2023-05-04 12:02:57.229 gilbreth-b004.rcac.purdue.edu monitor.gpu.percent [0] 0.0
2023-05-04 12:02:57.229 gilbreth-b004.rcac.purdue.edu monitor.gpu.percent [1] 0.0
2023-05-04 12:02:58.289 gilbreth-b004.rcac.purdue.edu monitor.gpu.percent [0] 7.0
2023-05-04 12:02:58.289 gilbreth-b004.rcac.purdue.edu monitor.gpu.percent [1] 0.0
2023-05-04 12:02:59.338 gilbreth-b004.rcac.purdue.edu monitor.gpu.percent [0] 2.0
2023-05-04 12:02:59.338 gilbreth-b004.rcac.purdue.edu monitor.gpu.percent [1] 0.0
2023-05-04 12:03:00.411 gilbreth-b004.rcac.purdue.edu monitor.gpu.percent [0] 8.0
2023-05-04 12:03:00.411 gilbreth-b004.rcac.purdue.edu monitor.gpu.percent [1] 0.0
2023-05-04 12:03:01.464 gilbreth-b004.rcac.purdue.edu monitor.gpu.percent [0] 1.0
2023-05-04 12:03:01.464 gilbreth-b004.rcac.purdue.edu monitor.gpu.percent [1] 0.0
2023-05-04 12:03:02.544 gilbreth-b004.rcac.purdue.edu monitor.gpu.percent [0] 1.0
2023-05-04 12:03:02.544 gilbreth-b004.rcac.purdue.edu monitor.gpu.percent [1] 0.0
2023-05-04 12:03:03.591 gilbreth-b004.rcac.purdue.edu monitor.gpu.percent [0] 1.0
2023-05-04 12:03:03.591 gilbreth-b004.rcac.purdue.edu monitor.gpu.percent [1] 0.0
2023-05-04 12:03:04.663 gilbreth-b004.rcac.purdue.edu monitor.gpu.percent [0] 1.0
2023-05-04 12:03:04.663 gilbreth-b004.rcac.purdue.edu monitor.gpu.percent [1] 0.0
2023-05-04 12:03:05.706 gilbreth-b004.rcac.purdue.edu monitor.gpu.percent [0] 1.0
2023-05-04 12:03:05.707 gilbreth-b004.rcac.purdue.edu monitor.gpu.percent [1] 0.0
2023-05-04 12:03:06.750 gilbreth-b004.rcac.purdue.edu monitor.gpu.percent [0] 1.0
2023-05-04 12:03:06.750 gilbreth-b004.rcac.purdue.edu monitor.gpu.percent [1] 0.0
2023-05-04 12:03:07.805 gilbreth-b004.rcac.purdue.edu monitor.gpu.percent [0] 1.0
2023-05-04 12:03:07.806 gilbreth-b004.rcac.purdue.edu monitor.gpu.percent [1] 0.0
2023-05-04 12:03:08.853 gilbreth-b004.rcac.purdue.edu monitor.gpu.percent [0] 1.0
2023-05-04 12:03:08.853 gilbreth-b004.rcac.purdue.edu monitor.gpu.percent [1] 0.0
2023-05-04 12:03:09.894 gilbreth-b004.rcac.purdue.edu monitor.gpu.percent [0] 10.0
2023-05-04 12:03:09.895 gilbreth-b004.rcac.purdue.edu monitor.gpu.percent [1] 0.0
2023-05-04 12:03:10.957 gilbreth-b004.rcac.purdue.edu monitor.gpu.percent [0] 51.0
2023-05-04 12:03:10.958 gilbreth-b004.rcac.purdue.edu monitor.gpu.percent [1] 0.0
2023-05-04 12:03:12.022 gilbreth-b004.rcac.purdue.edu monitor.gpu.percent [0] 55.0
2023-05-04 12:03:12.022 gilbreth-b004.rcac.purdue.edu monitor.gpu.percent [1] 0.0
2023-05-04 12:03:13.095 gilbreth-b004.rcac.purdue.edu monitor.gpu.percent [0] 70.0
2023-05-04 12:03:13.095 gilbreth-b004.rcac.purdue.edu monitor.gpu.percent [1] 0.0
2023-05-04 12:03:14.157 gilbreth-b004.rcac.purdue.edu monitor.gpu.percent [0] 81.0
2023-05-04 12:03:14.157 gilbreth-b004.rcac.purdue.edu monitor.gpu.percent [1] 0.0
2023-05-04 12:03:15.212 gilbreth-b004.rcac.purdue.edu monitor.gpu.percent [0] 80.0
2023-05-04 12:03:15.212 gilbreth-b004.rcac.purdue.edu monitor.gpu.percent [1] 0.0
2023-05-04 12:03:16.285 gilbreth-b004.rcac.purdue.edu monitor.gpu.percent [0] 87.0
2023-05-04 12:03:16.285 gilbreth-b004.rcac.purdue.edu monitor.gpu.percent [1] 0.0
2023-05-04 12:03:17.346 gilbreth-b004.rcac.purdue.edu monitor.gpu.percent [0] 77.0
2023-05-04 12:03:17.346 gilbreth-b004.rcac.purdue.edu monitor.gpu.percent [1] 0.0
2023-05-04 12:03:18.443 gilbreth-b004.rcac.purdue.edu monitor.gpu.percent [0] 75.0
2023-05-04 12:03:18.443 gilbreth-b004.rcac.purdue.edu monitor.gpu.percent [1] 0.0
2023-05-04 12:03:19.517 gilbreth-b004.rcac.purdue.edu monitor.gpu.percent [0] 86.0
2023-05-04 12:03:19.517 gilbreth-b004.rcac.purdue.edu monitor.gpu.percent [1] 0.0
2023-05-04 12:03:20.589 gilbreth-b004.rcac.purdue.edu monitor.gpu.percent [0] 82.0
2023-05-04 12:03:20.589 gilbreth-b004.rcac.purdue.edu monitor.gpu.percent [1] 0.0
2023-05-04 12:03:21.641 gilbreth-b004.rcac.purdue.edu monitor.gpu.percent [0] 87.0
2023-05-04 12:03:21.641 gilbreth-b004.rcac.purdue.edu monitor.gpu.percent [1] 0.0
2023-05-04 12:03:22.689 gilbreth-b004.rcac.purdue.edu monitor.gpu.percent [0] 55.0
2023-05-04 12:03:22.689 gilbreth-b004.rcac.purdue.edu monitor.gpu.percent [1] 0.0
2023-05-04 12:03:23.759 gilbreth-b004.rcac.purdue.edu monitor.gpu.percent [0] 79.0
2023-05-04 12:03:23.760 gilbreth-b004.rcac.purdue.edu monitor.gpu.percent [1] 0.0
2023-05-04 12:03:24.817 gilbreth-b004.rcac.purdue.edu monitor.gpu.percent [0] 48.0
2023-05-04 12:03:24.817 gilbreth-b004.rcac.purdue.edu monitor.gpu.percent [1] 0.0
2023-05-04 12:03:25.887 gilbreth-b004.rcac.purdue.edu monitor.gpu.percent [0] 78.0
2023-05-04 12:03:25.887 gilbreth-b004.rcac.purdue.edu monitor.gpu.percent [1] 0.0
2023-05-04 12:03:26.971 gilbreth-b004.rcac.purdue.edu monitor.gpu.percent [0] 80.0
2023-05-04 12:03:26.971 gilbreth-b004.rcac.purdue.edu monitor.gpu.percent [1] 0.0
2023-05-04 12:03:28.050 gilbreth-b004.rcac.purdue.edu monitor.gpu.percent [0] 79.0
2023-05-04 12:03:28.050 gilbreth-b004.rcac.purdue.edu monitor.gpu.percent [1] 0.0
2023-05-04 12:03:29.109 gilbreth-b004.rcac.purdue.edu monitor.gpu.percent [0] 87.0
2023-05-04 12:03:29.109 gilbreth-b004.rcac.purdue.edu monitor.gpu.percent [1] 0.0
2023-05-04 12:03:30.173 gilbreth-b004.rcac.purdue.edu monitor.gpu.percent [0] 77.0
2023-05-04 12:03:30.173 gilbreth-b004.rcac.purdue.edu monitor.gpu.percent [1] 0.0
2023-05-04 12:03:31.255 gilbreth-b004.rcac.purdue.edu monitor.gpu.percent [0] 59.0
2023-05-04 12:03:31.255 gilbreth-b004.rcac.purdue.edu monitor.gpu.percent [1] 0.0
2023-05-04 12:03:32.312 gilbreth-b004.rcac.purdue.edu monitor.gpu.percent [0] 83.0
2023-05-04 12:03:32.312 gilbreth-b004.rcac.purdue.edu monitor.gpu.percent [1] 0.0
2023-05-04 12:03:33.394 gilbreth-b004.rcac.purdue.edu monitor.gpu.percent [0] 80.0
2023-05-04 12:03:33.395 gilbreth-b004.rcac.purdue.edu monitor.gpu.percent [1] 0.0
2023-05-04 12:03:34.466 gilbreth-b004.rcac.purdue.edu monitor.gpu.percent [0] 76.0
2023-05-04 12:03:34.466 gilbreth-b004.rcac.purdue.edu monitor.gpu.percent [1] 0.0
2023-05-04 12:03:35.531 gilbreth-b004.rcac.purdue.edu monitor.gpu.percent [0] 88.0
2023-05-04 12:03:35.531 gilbreth-b004.rcac.purdue.edu monitor.gpu.percent [1] 0.0
2023-05-04 12:03:36.611 gilbreth-b004.rcac.purdue.edu monitor.gpu.percent [0] 43.0
2023-05-04 12:03:36.611 gilbreth-b004.rcac.purdue.edu monitor.gpu.percent [1] 0.0
2023-05-04 12:03:37.665 gilbreth-b004.rcac.purdue.edu monitor.gpu.percent [0] 78.0
2023-05-04 12:03:37.665 gilbreth-b004.rcac.purdue.edu monitor.gpu.percent [1] 0.0
2023-05-04 12:03:38.731 gilbreth-b004.rcac.purdue.edu monitor.gpu.percent [0] 29.0
2023-05-04 12:03:38.731 gilbreth-b004.rcac.purdue.edu monitor.gpu.percent [1] 0.0
2023-05-04 12:03:39.800 gilbreth-b004.rcac.purdue.edu monitor.gpu.percent [0] 75.0
2023-05-04 12:03:39.800 gilbreth-b004.rcac.purdue.edu monitor.gpu.percent [1] 0.0
2023-05-04 12:03:40.859 gilbreth-b004.rcac.purdue.edu monitor.gpu.percent [0] 44.0
2023-05-04 12:03:40.859 gilbreth-b004.rcac.purdue.edu monitor.gpu.percent [1] 0.0
2023-05-04 12:03:41.914 gilbreth-b004.rcac.purdue.edu monitor.gpu.percent [0] 74.0
2023-05-04 12:03:41.915 gilbreth-b004.rcac.purdue.edu monitor.gpu.percent [1] 0.0
2023-05-04 12:03:42.992 gilbreth-b004.rcac.purdue.edu monitor.gpu.percent [0] 78.0
2023-05-04 12:03:42.992 gilbreth-b004.rcac.purdue.edu monitor.gpu.percent [1] 0.0
2023-05-04 12:03:44.049 gilbreth-b004.rcac.purdue.edu monitor.gpu.percent [0] 71.0
2023-05-04 12:03:44.049 gilbreth-b004.rcac.purdue.edu monitor.gpu.percent [1] 0.0
2023-05-04 12:03:45.093 gilbreth-b004.rcac.purdue.edu monitor.gpu.percent [0] 54.0
2023-05-04 12:03:45.093 gilbreth-b004.rcac.purdue.edu monitor.gpu.percent [1] 0.0
2023-05-04 12:03:46.146 gilbreth-b004.rcac.purdue.edu monitor.gpu.percent [0] 60.0
2023-05-04 12:03:46.146 gilbreth-b004.rcac.purdue.edu monitor.gpu.percent [1] 0.0
2023-05-04 12:03:47.216 gilbreth-b004.rcac.purdue.edu monitor.gpu.percent [0] 62.0
2023-05-04 12:03:47.216 gilbreth-b004.rcac.purdue.edu monitor.gpu.percent [1] 0.0
2023-05-04 12:03:48.278 gilbreth-b004.rcac.purdue.edu monitor.gpu.percent [0] 81.0
2023-05-04 12:03:48.278 gilbreth-b004.rcac.purdue.edu monitor.gpu.percent [1] 0.0
2023-05-04 12:03:49.324 gilbreth-b004.rcac.purdue.edu monitor.gpu.percent [0] 58.0
2023-05-04 12:03:49.324 gilbreth-b004.rcac.purdue.edu monitor.gpu.percent [1] 0.0
2023-05-04 12:03:50.405 gilbreth-b004.rcac.purdue.edu monitor.gpu.percent [0] 73.0
2023-05-04 12:03:50.405 gilbreth-b004.rcac.purdue.edu monitor.gpu.percent [1] 0.0
2023-05-04 12:03:51.470 gilbreth-b004.rcac.purdue.edu monitor.gpu.percent [0] 73.0
2023-05-04 12:03:51.470 gilbreth-b004.rcac.purdue.edu monitor.gpu.percent [1] 0.0
2023-05-04 12:03:52.549 gilbreth-b004.rcac.purdue.edu monitor.gpu.percent [0] 52.0
2023-05-04 12:03:52.549 gilbreth-b004.rcac.purdue.edu monitor.gpu.percent [1] 0.0
2023-05-04 12:03:53.596 gilbreth-b004.rcac.purdue.edu monitor.gpu.percent [0] 86.0
2023-05-04 12:03:53.597 gilbreth-b004.rcac.purdue.edu monitor.gpu.percent [1] 0.0
2023-05-04 12:03:54.662 gilbreth-b004.rcac.purdue.edu monitor.gpu.percent [0] 38.0
2023-05-04 12:03:54.662 gilbreth-b004.rcac.purdue.edu monitor.gpu.percent [1] 0.0
2023-05-04 12:03:55.729 gilbreth-b004.rcac.purdue.edu monitor.gpu.percent [0] 63.0
2023-05-04 12:03:55.729 gilbreth-b004.rcac.purdue.edu monitor.gpu.percent [1] 0.0
2023-05-04 12:03:56.815 gilbreth-b004.rcac.purdue.edu monitor.gpu.percent [0] 21.0
2023-05-04 12:03:56.815 gilbreth-b004.rcac.purdue.edu monitor.gpu.percent [1] 0.0
2023-05-04 12:03:57.872 gilbreth-b004.rcac.purdue.edu monitor.gpu.percent [0] 70.0
2023-05-04 12:03:57.872 gilbreth-b004.rcac.purdue.edu monitor.gpu.percent [1] 0.0
2023-05-04 12:03:58.940 gilbreth-b004.rcac.purdue.edu monitor.gpu.percent [0] 47.0
2023-05-04 12:03:58.940 gilbreth-b004.rcac.purdue.edu monitor.gpu.percent [1] 0.0
2023-05-04 12:03:59.989 gilbreth-b004.rcac.purdue.edu monitor.gpu.percent [0] 62.0
2023-05-04 12:03:59.989 gilbreth-b004.rcac.purdue.edu monitor.gpu.percent [1] 0.0
2023-05-04 12:04:01.058 gilbreth-b004.rcac.purdue.edu monitor.gpu.percent [0] 66.0
2023-05-04 12:04:01.059 gilbreth-b004.rcac.purdue.edu monitor.gpu.percent [1] 0.0
2023-05-04 12:04:02.114 gilbreth-b004.rcac.purdue.edu monitor.gpu.percent [0] 53.0
2023-05-04 12:04:02.115 gilbreth-b004.rcac.purdue.edu monitor.gpu.percent [1] 0.0
2023-05-04 12:04:03.183 gilbreth-b004.rcac.purdue.edu monitor.gpu.percent [0] 58.0
2023-05-04 12:04:03.184 gilbreth-b004.rcac.purdue.edu monitor.gpu.percent [1] 0.0
2023-05-04 12:04:04.233 gilbreth-b004.rcac.purdue.edu monitor.gpu.percent [0] 62.0
2023-05-04 12:04:04.233 gilbreth-b004.rcac.purdue.edu monitor.gpu.percent [1] 0.0
2023-05-04 12:04:05.284 gilbreth-b004.rcac.purdue.edu monitor.gpu.percent [0] 0.0
2023-05-04 12:04:05.284 gilbreth-b004.rcac.purdue.edu monitor.gpu.percent [1] 0.0
2023-05-04 12:04:06.331 gilbreth-b004.rcac.purdue.edu monitor.gpu.percent [0] 0.0
2023-05-04 12:04:06.331 gilbreth-b004.rcac.purdue.edu monitor.gpu.percent [1] 0.0
2023-05-04 12:04:07.377 gilbreth-b004.rcac.purdue.edu monitor.gpu.percent [0] 0.0
2023-05-04 12:04:07.377 gilbreth-b004.rcac.purdue.edu monitor.gpu.percent [1] 0.0
2023-05-04 12:04:08.456 gilbreth-b004.rcac.purdue.edu monitor.gpu.percent [0] 0.0
2023-05-04 12:04:08.456 gilbreth-b004.rcac.purdue.edu monitor.gpu.percent [1] 0.0
2023-05-04 12:04:09.524 gilbreth-b004.rcac.purdue.edu monitor.gpu.percent [0] 62.0
2023-05-04 12:04:09.524 gilbreth-b004.rcac.purdue.edu monitor.gpu.percent [1] 0.0
2023-05-04 12:04:10.590 gilbreth-b004.rcac.purdue.edu monitor.gpu.percent [0] 32.0
2023-05-04 12:04:10.590 gilbreth-b004.rcac.purdue.edu monitor.gpu.percent [1] 0.0
2023-05-04 12:04:11.631 gilbreth-b004.rcac.purdue.edu monitor.gpu.percent [0] 58.0
2023-05-04 12:04:11.631 gilbreth-b004.rcac.purdue.edu monitor.gpu.percent [1] 0.0
2023-05-04 12:04:12.695 gilbreth-b004.rcac.purdue.edu monitor.gpu.percent [0] 47.0
2023-05-04 12:04:12.695 gilbreth-b004.rcac.purdue.edu monitor.gpu.percent [1] 0.0
2023-05-04 12:04:13.746 gilbreth-b004.rcac.purdue.edu monitor.gpu.percent [0] 62.0
2023-05-04 12:04:13.746 gilbreth-b004.rcac.purdue.edu monitor.gpu.percent [1] 0.0
2023-05-04 12:04:14.812 gilbreth-b004.rcac.purdue.edu monitor.gpu.percent [0] 50.0
2023-05-04 12:04:14.812 gilbreth-b004.rcac.purdue.edu monitor.gpu.percent [1] 0.0
2023-05-04 12:04:15.872 gilbreth-b004.rcac.purdue.edu monitor.gpu.percent [0] 59.0
2023-05-04 12:04:15.872 gilbreth-b004.rcac.purdue.edu monitor.gpu.percent [1] 0.0
2023-05-04 12:04:16.912 gilbreth-b004.rcac.purdue.edu monitor.gpu.percent [0] 51.0
2023-05-04 12:04:16.912 gilbreth-b004.rcac.purdue.edu monitor.gpu.percent [1] 0.0
2023-05-04 12:04:17.982 gilbreth-b004.rcac.purdue.edu monitor.gpu.percent [0] 55.0
2023-05-04 12:04:17.983 gilbreth-b004.rcac.purdue.edu monitor.gpu.percent [1] 0.0
2023-05-04 12:04:19.049 gilbreth-b004.rcac.purdue.edu monitor.gpu.percent [0] 48.0
2023-05-04 12:04:19.049 gilbreth-b004.rcac.purdue.edu monitor.gpu.percent [1] 0.0
2023-05-04 12:04:20.093 gilbreth-b004.rcac.purdue.edu monitor.gpu.percent [0] 67.0
2023-05-04 12:04:20.094 gilbreth-b004.rcac.purdue.edu monitor.gpu.percent [1] 0.0
2023-05-04 12:04:21.141 gilbreth-b004.rcac.purdue.edu monitor.gpu.percent [0] 87.0
2023-05-04 12:04:21.141 gilbreth-b004.rcac.purdue.edu monitor.gpu.percent [1] 0.0
2023-05-04 12:04:22.198 gilbreth-b004.rcac.purdue.edu monitor.gpu.percent [0] 63.0
2023-05-04 12:04:22.198 gilbreth-b004.rcac.purdue.edu monitor.gpu.percent [1] 0.0
2023-05-04 12:04:23.252 gilbreth-b004.rcac.purdue.edu monitor.gpu.percent [0] 61.0
2023-05-04 12:04:23.252 gilbreth-b004.rcac.purdue.edu monitor.gpu.percent [1] 0.0
2023-05-04 12:04:24.326 gilbreth-b004.rcac.purdue.edu monitor.gpu.percent [0] 84.0
2023-05-04 12:04:24.326 gilbreth-b004.rcac.purdue.edu monitor.gpu.percent [1] 0.0
2023-05-04 12:04:25.387 gilbreth-b004.rcac.purdue.edu monitor.gpu.percent [0] 69.0
2023-05-04 12:04:25.387 gilbreth-b004.rcac.purdue.edu monitor.gpu.percent [1] 0.0
2023-05-04 12:04:26.453 gilbreth-b004.rcac.purdue.edu monitor.gpu.percent [0] 68.0
2023-05-04 12:04:26.453 gilbreth-b004.rcac.purdue.edu monitor.gpu.percent [1] 0.0
2023-05-04 12:04:27.507 gilbreth-b004.rcac.purdue.edu monitor.gpu.percent [0] 59.0
2023-05-04 12:04:27.507 gilbreth-b004.rcac.purdue.edu monitor.gpu.percent [1] 0.0
2023-05-04 12:04:28.573 gilbreth-b004.rcac.purdue.edu monitor.gpu.percent [0] 62.0
2023-05-04 12:04:28.573 gilbreth-b004.rcac.purdue.edu monitor.gpu.percent [1] 0.0
2023-05-04 12:04:29.637 gilbreth-b004.rcac.purdue.edu monitor.gpu.percent [0] 61.0
2023-05-04 12:04:29.637 gilbreth-b004.rcac.purdue.edu monitor.gpu.percent [1] 0.0
2023-05-04 12:04:30.696 gilbreth-b004.rcac.purdue.edu monitor.gpu.percent [0] 46.0
2023-05-04 12:04:30.696 gilbreth-b004.rcac.purdue.edu monitor.gpu.percent [1] 0.0
2023-05-04 12:04:31.785 gilbreth-b004.rcac.purdue.edu monitor.gpu.percent [0] 86.0
2023-05-04 12:04:31.785 gilbreth-b004.rcac.purdue.edu monitor.gpu.percent [1] 0.0
2023-05-04 12:04:32.857 gilbreth-b004.rcac.purdue.edu monitor.gpu.percent [0] 45.0
2023-05-04 12:04:32.857 gilbreth-b004.rcac.purdue.edu monitor.gpu.percent [1] 0.0
2023-05-04 12:04:33.922 gilbreth-b004.rcac.purdue.edu monitor.gpu.percent [0] 58.0
2023-05-04 12:04:33.922 gilbreth-b004.rcac.purdue.edu monitor.gpu.percent [1] 0.0
2023-05-04 12:04:34.977 gilbreth-b004.rcac.purdue.edu monitor.gpu.percent [0] 81.0
2023-05-04 12:04:34.977 gilbreth-b004.rcac.purdue.edu monitor.gpu.percent [1] 0.0
2023-05-04 12:04:36.042 gilbreth-b004.rcac.purdue.edu monitor.gpu.percent [0] 63.0
2023-05-04 12:04:36.042 gilbreth-b004.rcac.purdue.edu monitor.gpu.percent [1] 0.0
05-04 12:04:34.031 gilbreth-d000.rcac.purdue.edu monitor.gpu.percent [0] 82.0
2023-05-04 12:04:34.031 gilbreth-d000.rcac.purdue.edu monitor.gpu.percent [1] 0.0
2023-05-04 12:04:35.083 gilbreth-d000.rcac.purdue.edu monitor.gpu.percent [0] 76.0
2023-05-04 12:04:35.083 gilbreth-d000.rcac.purdue.edu monitor.gpu.percent [1] 0.0
2023-05-04 12:04:36.138 gilbreth-d000.rcac.purdue.edu monitor.gpu.percent [0] 81.0
2023-05-04 12:04:36.138 gilbreth-d000.rcac.purdue.edu monitor.gpu.percent [1] 0.0
t [1] 0.0
2023-05-04 12:03:00.268 gilbreth-h000.rcac.purdue.edu monitor.gpu.percent [0] 89.0
2023-05-04 12:03:00.268 gilbreth-h000.rcac.purdue.edu monitor.gpu.percent [1] 0.0
2023-05-04 12:03:01.388 gilbreth-h000.rcac.purdue.edu monitor.gpu.percent [0] 70.0
2023-05-04 12:03:01.388 gilbreth-h000.rcac.purdue.edu monitor.gpu.percent [1] 0.0
2023-05-04 12:03:02.439 gilbreth-h000.rcac.purdue.edu monitor.gpu.percent [0] 90.0
2023-05-04 12:03:02.439 gilbreth-h000.rcac.purdue.edu monitor.gpu.percent [1] 0.0
2023-05-04 12:03:03.562 gilbreth-h000.rcac.purdue.edu monitor.gpu.percent [0] 82.0
2023-05-04 12:03:03.562 gilbreth-h000.rcac.purdue.edu monitor.gpu.percent [1] 0.0
2023-05-04 12:03:04.599 gilbreth-h000.rcac.purdue.edu monitor.gpu.percent [0] 90.0
2023-05-04 12:03:04.599 gilbreth-h000.rcac.purdue.edu monitor.gpu.percent [1] 0.0
2023-05-04 12:03:05.756 gilbreth-h000.rcac.purdue.edu monitor.gpu.percent [0] 38.0
2023-05-04 12:03:05.756 gilbreth-h000.rcac.purdue.edu monitor.gpu.percent [1] 0.0
2023-05-04 12:03:06.809 gilbreth-h000.rcac.purdue.edu monitor.gpu.percent [0] 83.0
2023-05-04 12:03:06.809 gilbreth-h000.rcac.purdue.edu monitor.gpu.percent [1] 0.0
2023-05-04 12:03:07.970 gilbreth-h000.rcac.purdue.edu monitor.gpu.percent [0] 26.0
2023-05-04 12:03:07.970 gilbreth-h000.rcac.purdue.edu monitor.gpu.percent [1] 0.0
2023-05-04 12:03:09.009 gilbreth-h000.rcac.purdue.edu monitor.gpu.percent [0] 88.0
2023-05-04 12:03:09.009 gilbreth-h000.rcac.purdue.edu monitor.gpu.percent [1] 0.0
2023-05-04 12:03:10.122 gilbreth-h000.rcac.purdue.edu monitor.gpu.percent [0] 51.0
2023-05-04 12:03:10.122 gilbreth-h000.rcac.purdue.edu monitor.gpu.percent [1] 0.0
2023-05-04 12:03:11.170 gilbreth-h000.rcac.purdue.edu monitor.gpu.percent [0] 90.0
2023-05-04 12:03:11.171 gilbreth-h000.rcac.purdue.edu monitor.gpu.percent [1] 0.0
2023-05-04 12:03:12.296 gilbreth-h000.rcac.purdue.edu monitor.gpu.percent [0] 32.0
2023-05-04 12:03:12.296 gilbreth-h000.rcac.purdue.edu monitor.gpu.percent [1] 0.0
2023-05-04 12:03:13.357 gilbreth-h000.rcac.purdue.edu monitor.gpu.percent [0] 88.0
2023-05-04 12:03:13.357 gilbreth-h000.rcac.purdue.edu monitor.gpu.percent [1] 0.0
2023-05-04 12:03:14.479 gilbreth-h000.rcac.purdue.edu monitor.gpu.percent [0] 19.0
2023-05-04 12:03:14.479 gilbreth-h000.rcac.purdue.edu monitor.gpu.percent [1] 0.0
2023-05-04 12:03:15.525 gilbreth-h000.rcac.purdue.edu monitor.gpu.percent [0] 90.0
2023-05-04 12:03:15.525 gilbreth-h000.rcac.purdue.edu monitor.gpu.percent [1] 0.0
2023-05-04 12:03:16.632 gilbreth-h000.rcac.purdue.edu monitor.gpu.percent [0] 90.0
2023-05-04 12:03:16.632 gilbreth-h000.rcac.purdue.edu monitor.gpu.percent [1] 0.0
2023-05-04 12:03:17.681 gilbreth-h000.rcac.purdue.edu monitor.gpu.percent [0] 82.0
2023-05-04 12:03:17.681 gilbreth-h000.rcac.purdue.edu monitor.gpu.percent [1] 0.0
2023-05-04 12:03:18.802 gilbreth-h000.rcac.purdue.edu monitor.gpu.percent [0] 78.0
2023-05-04 12:03:18.802 gilbreth-h000.rcac.purdue.edu monitor.gpu.percent [1] 0.0
2023-05-04 12:03:19.853 gilbreth-h000.rcac.purdue.edu monitor.gpu.percent [0] 84.0
2023-05-04 12:03:19.853 gilbreth-h000.rcac.purdue.edu monitor.gpu.percent [1] 0.0
2023-05-04 12:03:20.982 gilbreth-h000.rcac.purdue.edu monitor.gpu.percent [0] 69.0
2023-05-04 12:03:20.982 gilbreth-h000.rcac.purdue.edu monitor.gpu.percent [1] 0.0
2023-05-04 12:03:22.037 gilbreth-h000.rcac.purdue.edu monitor.gpu.percent [0] 74.0
2023-05-04 12:03:22.037 gilbreth-h000.rcac.purdue.edu monitor.gpu.percent [1] 0.0
2023-05-04 12:03:23.142 gilbreth-h000.rcac.purdue.edu monitor.gpu.percent [0] 75.0
2023-05-04 12:03:23.142 gilbreth-h000.rcac.purdue.edu monitor.gpu.percent [1] 0.0
2023-05-04 12:03:24.182 gilbreth-h000.rcac.purdue.edu monitor.gpu.percent [0] 83.0
2023-05-04 12:03:24.182 gilbreth-h000.rcac.purdue.edu monitor.gpu.percent [1] 0.0
2023-05-04 12:03:25.323 gilbreth-h000.rcac.purdue.edu monitor.gpu.percent [0] 45.0
2023-05-04 12:03:25.323 gilbreth-h000.rcac.purdue.edu monitor.gpu.percent [1] 0.0
2023-05-04 12:03:26.374 gilbreth-h000.rcac.purdue.edu monitor.gpu.percent [0] 89.0
2023-05-04 12:03:26.374 gilbreth-h000.rcac.purdue.edu monitor.gpu.percent [1] 0.0
2023-05-04 12:03:27.513 gilbreth-h000.rcac.purdue.edu monitor.gpu.percent [0] 26.0
2023-05-04 12:03:27.513 gilbreth-h000.rcac.purdue.edu monitor.gpu.percent [1] 0.0
2023-05-04 12:03:28.554 gilbreth-h000.rcac.purdue.edu monitor.gpu.percent [0] 87.0
2023-05-04 12:03:28.554 gilbreth-h000.rcac.purdue.edu monitor.gpu.percent [1] 0.0
2023-05-04 12:03:29.664 gilbreth-h000.rcac.purdue.edu monitor.gpu.percent [0] 90.0
2023-05-04 12:03:29.664 gilbreth-h000.rcac.purdue.edu monitor.gpu.percent [1] 0.0
2023-05-04 12:03:30.698 gilbreth-h000.rcac.purdue.edu monitor.gpu.percent [0] 90.0
2023-05-04 12:03:30.698 gilbreth-h000.rcac.purdue.edu monitor.gpu.percent [1] 0.0
2023-05-04 12:03:31.872 gilbreth-h000.rcac.purdue.edu monitor.gpu.percent [0] 19.0
2023-05-04 12:03:31.872 gilbreth-h000.rcac.purdue.edu monitor.gpu.percent [1] 0.0
2023-05-04 12:03:32.910 gilbreth-h000.rcac.purdue.edu monitor.gpu.percent [0] 89.0
2023-05-04 12:03:32.910 gilbreth-h000.rcac.purdue.edu monitor.gpu.percent [1] 0.0
2023-05-04 12:03:34.042 gilbreth-h000.rcac.purdue.edu monitor.gpu.percent [0] 68.0
2023-05-04 12:03:34.043 gilbreth-h000.rcac.purdue.edu monitor.gpu.percent [1] 0.0
2023-05-04 12:03:35.105 gilbreth-h000.rcac.purdue.edu monitor.gpu.percent [0] 87.0
2023-05-04 12:03:35.106 gilbreth-h000.rcac.purdue.edu monitor.gpu.percent [1] 0.0
2023-05-04 12:03:36.219 gilbreth-h000.rcac.purdue.edu monitor.gpu.percent [0] 83.0
2023-05-04 12:03:36.219 gilbreth-h000.rcac.purdue.edu monitor.gpu.percent [1] 0.0
2023-05-04 12:03:37.278 gilbreth-h000.rcac.purdue.edu monitor.gpu.percent [0] 90.0
2023-05-04 12:03:37.278 gilbreth-h000.rcac.purdue.edu monitor.gpu.percent [1] 0.0
2023-05-04 12:03:38.381 gilbreth-h000.rcac.purdue.edu monitor.gpu.percent [0] 89.0
2023-05-04 12:03:38.381 gilbreth-h000.rcac.purdue.edu monitor.gpu.percent [1] 0.0
2023-05-04 12:03:39.430 gilbreth-h000.rcac.purdue.edu monitor.gpu.percent [0] 88.0
2023-05-04 12:03:39.430 gilbreth-h000.rcac.purdue.edu monitor.gpu.percent [1] 0.0
2023-05-04 12:03:40.554 gilbreth-h000.rcac.purdue.edu monitor.gpu.percent [0] 59.0
2023-05-04 12:03:40.554 gilbreth-h000.rcac.purdue.edu monitor.gpu.percent [1] 0.0
2023-05-04 12:03:41.606 gilbreth-h000.rcac.purdue.edu monitor.gpu.percent [0] 90.0
2023-05-04 12:03:41.606 gilbreth-h000.rcac.purdue.edu monitor.gpu.percent [1] 0.0
2023-05-04 12:03:42.736 gilbreth-h000.rcac.purdue.edu monitor.gpu.percent [0] 43.0
2023-05-04 12:03:42.737 gilbreth-h000.rcac.purdue.edu monitor.gpu.percent [1] 0.0
2023-05-04 12:03:43.799 gilbreth-h000.rcac.purdue.edu monitor.gpu.percent [0] 85.0
2023-05-04 12:03:43.799 gilbreth-h000.rcac.purdue.edu monitor.gpu.percent [1] 0.0
2023-05-04 12:03:44.895 gilbreth-h000.rcac.purdue.edu monitor.gpu.percent [0] 43.0
2023-05-04 12:03:44.895 gilbreth-h000.rcac.purdue.edu monitor.gpu.percent [1] 0.0
2023-05-04 12:03:45.943 gilbreth-h000.rcac.purdue.edu monitor.gpu.percent [0] 75.0
2023-05-04 12:03:45.943 gilbreth-h000.rcac.purdue.edu monitor.gpu.percent [1] 0.0
2023-05-04 12:03:47.068 gilbreth-h000.rcac.purdue.edu monitor.gpu.percent [0] 27.0
2023-05-04 12:03:47.068 gilbreth-h000.rcac.purdue.edu monitor.gpu.percent [1] 0.0
2023-05-04 12:03:48.117 gilbreth-h000.rcac.purdue.edu monitor.gpu.percent [0] 89.0
2023-05-04 12:03:48.117 gilbreth-h000.rcac.purdue.edu monitor.gpu.percent [1] 0.0
2023-05-04 12:03:49.244 gilbreth-h000.rcac.purdue.edu monitor.gpu.percent [0] 88.0
2023-05-04 12:03:49.244 gilbreth-h000.rcac.purdue.edu monitor.gpu.percent [1] 0.0
2023-05-04 12:03:50.297 gilbreth-h000.rcac.purdue.edu monitor.gpu.percent [0] 87.0
2023-05-04 12:03:50.297 gilbreth-h000.rcac.purdue.edu monitor.gpu.percent [1] 0.0
2023-05-04 12:03:51.422 gilbreth-h000.rcac.purdue.edu monitor.gpu.percent [0] 85.0
2023-05-04 12:03:51.422 gilbreth-h000.rcac.purdue.edu monitor.gpu.percent [1] 0.0
2023-05-04 12:03:52.467 gilbreth-h000.rcac.purdue.edu monitor.gpu.percent [0] 85.0
2023-05-04 12:03:52.467 gilbreth-h000.rcac.purdue.edu monitor.gpu.percent [1] 0.0
2023-05-04 12:03:53.579 gilbreth-h000.rcac.purdue.edu monitor.gpu.percent [0] 73.0
2023-05-04 12:03:53.579 gilbreth-h000.rcac.purdue.edu monitor.gpu.percent [1] 0.0
2023-05-04 12:03:54.623 gilbreth-h000.rcac.purdue.edu monitor.gpu.percent [0] 88.0
2023-05-04 12:03:54.623 gilbreth-h000.rcac.purdue.edu monitor.gpu.percent [1] 0.0
2023-05-04 12:03:55.759 gilbreth-h000.rcac.purdue.edu monitor.gpu.percent [0] 59.0
2023-05-04 12:03:55.759 gilbreth-h000.rcac.purdue.edu monitor.gpu.percent [1] 0.0
2023-05-04 12:03:56.803 gilbreth-h000.rcac.purdue.edu monitor.gpu.percent [0] 90.0
2023-05-04 12:03:56.804 gilbreth-h000.rcac.purdue.edu monitor.gpu.percent [1] 0.0
2023-05-04 12:03:57.939 gilbreth-h000.rcac.purdue.edu monitor.gpu.percent [0] 56.0
2023-05-04 12:03:57.939 gilbreth-h000.rcac.purdue.edu monitor.gpu.percent [1] 0.0
2023-05-04 12:03:58.982 gilbreth-h000.rcac.purdue.edu monitor.gpu.percent [0] 90.0
2023-05-04 12:03:58.982 gilbreth-h000.rcac.purdue.edu monitor.gpu.percent [1] 0.0
2023-05-04 12:04:00.119 gilbreth-h000.rcac.purdue.edu monitor.gpu.percent [0] 50.0
2023-05-04 12:04:00.119 gilbreth-h000.rcac.purdue.edu monitor.gpu.percent [1] 0.0
2023-05-04 12:04:01.181 gilbreth-h000.rcac.purdue.edu monitor.gpu.percent [0] 90.0
2023-05-04 12:04:01.181 gilbreth-h000.rcac.purdue.edu monitor.gpu.percent [1] 0.0
2023-05-04 12:04:02.300 gilbreth-h000.rcac.purdue.edu monitor.gpu.percent [0] 31.0
2023-05-04 12:04:02.300 gilbreth-h000.rcac.purdue.edu monitor.gpu.percent [1] 0.0
2023-05-04 12:04:03.343 gilbreth-h000.rcac.purdue.edu monitor.gpu.percent [0] 87.0
2023-05-04 12:04:03.343 gilbreth-h000.rcac.purdue.edu monitor.gpu.percent [1] 0.0
2023-05-04 12:04:04.462 gilbreth-h000.rcac.purdue.edu monitor.gpu.percent [0] 48.0
2023-05-04 12:04:04.462 gilbreth-h000.rcac.purdue.edu monitor.gpu.percent [1] 0.0
2023-05-04 12:04:05.510 gilbreth-h000.rcac.purdue.edu monitor.gpu.percent [0] 89.0
2023-05-04 12:04:05.510 gilbreth-h000.rcac.purdue.edu monitor.gpu.percent [1] 0.0
2023-05-04 12:04:06.638 gilbreth-h000.rcac.purdue.edu monitor.gpu.percent [0] 88.0
2023-05-04 12:04:06.638 gilbreth-h000.rcac.purdue.edu monitor.gpu.percent [1] 0.0
2023-05-04 12:04:07.691 gilbreth-h000.rcac.purdue.edu monitor.gpu.percent [0] 90.0
2023-05-04 12:04:07.691 gilbreth-h000.rcac.purdue.edu monitor.gpu.percent [1] 0.0
2023-05-04 12:04:08.802 gilbreth-h000.rcac.purdue.edu monitor.gpu.percent [0] 90.0
2023-05-04 12:04:08.802 gilbreth-h000.rcac.purdue.edu monitor.gpu.percent [1] 0.0
2023-05-04 12:04:09.853 gilbreth-h000.rcac.purdue.edu monitor.gpu.percent [0] 86.0
2023-05-04 12:04:09.853 gilbreth-h000.rcac.purdue.edu monitor.gpu.percent [1] 0.0
2023-05-04 12:04:10.978 gilbreth-h000.rcac.purdue.edu monitor.gpu.percent [0] 74.0
2023-05-04 12:04:10.978 gilbreth-h000.rcac.purdue.edu monitor.gpu.percent [1] 0.0
2023-05-04 12:04:12.040 gilbreth-h000.rcac.purdue.edu monitor.gpu.percent [0] 78.0
2023-05-04 12:04:12.040 gilbreth-h000.rcac.purdue.edu monitor.gpu.percent [1] 0.0
2023-05-04 12:04:13.156 gilbreth-h000.rcac.purdue.edu monitor.gpu.percent [0] 56.0
2023-05-04 12:04:13.156 gilbreth-h000.rcac.purdue.edu monitor.gpu.percent [1] 0.0
2023-05-04 12:04:14.218 gilbreth-h000.rcac.purdue.edu monitor.gpu.percent [0] 89.0
2023-05-04 12:04:14.218 gilbreth-h000.rcac.purdue.edu monitor.gpu.percent [1] 0.0
2023-05-04 12:04:15.311 gilbreth-h000.rcac.purdue.edu monitor.gpu.percent [0] 66.0
2023-05-04 12:04:15.311 gilbreth-h000.rcac.purdue.edu monitor.gpu.percent [1] 0.0
2023-05-04 12:04:16.361 gilbreth-h000.rcac.purdue.edu monitor.gpu.percent [0] 90.0
2023-05-04 12:04:16.361 gilbreth-h000.rcac.purdue.edu monitor.gpu.percent [1] 0.0
2023-05-04 12:04:17.484 gilbreth-h000.rcac.purdue.edu monitor.gpu.percent [0] 34.0
2023-05-04 12:04:17.484 gilbreth-h000.rcac.purdue.edu monitor.gpu.percent [1] 0.0
2023-05-04 12:04:18.533 gilbreth-h000.rcac.purdue.edu monitor.gpu.percent [0] 89.0
2023-05-04 12:04:18.533 gilbreth-h000.rcac.purdue.edu monitor.gpu.percent [1] 0.0
2023-05-04 12:04:19.666 gilbreth-h000.rcac.purdue.edu monitor.gpu.percent [0] 21.0
2023-05-04 12:04:19.666 gilbreth-h000.rcac.purdue.edu monitor.gpu.percent [1] 0.0
2023-05-04 12:04:20.713 gilbreth-h000.rcac.purdue.edu monitor.gpu.percent [0] 88.0
2023-05-04 12:04:20.713 gilbreth-h000.rcac.purdue.edu monitor.gpu.percent [1] 0.0
2023-05-04 12:04:21.865 gilbreth-h000.rcac.purdue.edu monitor.gpu.percent [0] 25.0
2023-05-04 12:04:21.865 gilbreth-h000.rcac.purdue.edu monitor.gpu.percent [1] 0.0
2023-05-04 12:04:22.904 gilbreth-h000.rcac.purdue.edu monitor.gpu.percent [0] 89.0
2023-05-04 12:04:22.904 gilbreth-h000.rcac.purdue.edu monitor.gpu.percent [1] 0.0
2023-05-04 12:04:24.031 gilbreth-h000.rcac.purdue.edu monitor.gpu.percent [0] 70.0
2023-05-04 12:04:24.031 gilbreth-h000.rcac.purdue.edu monitor.gpu.percent [1] 0.0
2023-05-04 12:04:25.081 gilbreth-h000.rcac.purdue.edu monitor.gpu.percent [0] 86.0
2023-05-04 12:04:25.081 gilbreth-h000.rcac.purdue.edu monitor.gpu.percent [1] 0.0
2023-05-04 12:04:26.202 gilbreth-h000.rcac.purdue.edu monitor.gpu.percent [0] 85.0
2023-05-04 12:04:26.202 gilbreth-h000.rcac.purdue.edu monitor.gpu.percent [1] 0.0
2023-05-04 12:04:27.267 gilbreth-h000.rcac.purdue.edu monitor.gpu.percent [0] 88.0
2023-05-04 12:04:27.267 gilbreth-h000.rcac.purdue.edu monitor.gpu.percent [1] 0.0
2023-05-04 12:04:28.382 gilbreth-h000.rcac.purdue.edu monitor.gpu.percent [0] 86.0
2023-05-04 12:04:28.383 gilbreth-h000.rcac.purdue.edu monitor.gpu.percent [1] 0.0
2023-05-04 12:04:29.426 gilbreth-h000.rcac.purdue.edu monitor.gpu.percent [0] 89.0
2023-05-04 12:04:29.426 gilbreth-h000.rcac.purdue.edu monitor.gpu.percent [1] 0.0
2023-05-04 12:04:30.553 gilbreth-h000.rcac.purdue.edu monitor.gpu.percent [0] 59.0
2023-05-04 12:04:30.553 gilbreth-h000.rcac.purdue.edu monitor.gpu.percent [1] 0.0
2023-05-04 12:04:31.595 gilbreth-h000.rcac.purdue.edu monitor.gpu.percent [0] 88.0
2023-05-04 12:04:31.595 gilbreth-h000.rcac.purdue.edu monitor.gpu.percent [1] 0.0
2023-05-04 12:04:32.720 gilbreth-h000.rcac.purdue.edu monitor.gpu.percent [0] 53.0
2023-05-04 12:04:32.720 gilbreth-h000.rcac.purdue.edu monitor.gpu.percent [1] 0.0
2023-05-04 12:04:33.770 gilbreth-h000.rcac.purdue.edu monitor.gpu.percent [0] 90.0
2023-05-04 12:04:33.770 gilbreth-h000.rcac.purdue.edu monitor.gpu.percent [1] 0.0
2023-05-04 12:04:34.891 gilbreth-h000.rcac.purdue.edu monitor.gpu.percent [0] 40.0
2023-05-04 12:04:34.892 gilbreth-h000.rcac.purdue.edu monitor.gpu.percent [1] 0.0
2023-05-04 12:04:35.960 gilbreth-h000.rcac.purdue.edu monitor.gpu.percent [0] 70.0
2023-05-04 12:04:35.960 gilbreth-h000.rcac.purdue.edu monitor.gpu.percent [1] 0.0
-04 12:03:49.742 gilbreth-e010.rcac.purdue.edu monitor.gpu.percent [0] 83.0
2023-05-04 12:03:49.743 gilbreth-e010.rcac.purdue.edu monitor.gpu.percent [1] 0.0
2023-05-04 12:03:50.782 gilbreth-e010.rcac.purdue.edu monitor.gpu.percent [0] 98.0
2023-05-04 12:03:50.782 gilbreth-e010.rcac.purdue.edu monitor.gpu.percent [1] 0.0
2023-05-04 12:03:51.829 gilbreth-e010.rcac.purdue.edu monitor.gpu.percent [0] 75.0
2023-05-04 12:03:51.829 gilbreth-e010.rcac.purdue.edu monitor.gpu.percent [1] 0.0
2023-05-04 12:03:52.880 gilbreth-e010.rcac.purdue.edu monitor.gpu.percent [0] 85.0
2023-05-04 12:03:52.880 gilbreth-e010.rcac.purdue.edu monitor.gpu.percent [1] 0.0
2023-05-04 12:03:53.921 gilbreth-e010.rcac.purdue.edu monitor.gpu.percent [0] 83.0
2023-05-04 12:03:53.921 gilbreth-e010.rcac.purdue.edu monitor.gpu.percent [1] 0.0
2023-05-04 12:03:54.970 gilbreth-e010.rcac.purdue.edu monitor.gpu.percent [0] 96.0
2023-05-04 12:03:54.971 gilbreth-e010.rcac.purdue.edu monitor.gpu.percent [1] 0.0
2023-05-04 12:03:56.018 gilbreth-e010.rcac.purdue.edu monitor.gpu.percent [0] 94.0
2023-05-04 12:03:56.018 gilbreth-e010.rcac.purdue.edu monitor.gpu.percent [1] 0.0
2023-05-04 12:03:57.069 gilbreth-e010.rcac.purdue.edu monitor.gpu.percent [0] 95.0
2023-05-04 12:03:57.069 gilbreth-e010.rcac.purdue.edu monitor.gpu.percent [1] 0.0
2023-05-04 12:03:58.108 gilbreth-e010.rcac.purdue.edu monitor.gpu.percent [0] 0.0
2023-05-04 12:03:58.108 gilbreth-e010.rcac.purdue.edu monitor.gpu.percent [1] 0.0
2023-05-04 12:03:59.143 gilbreth-e010.rcac.purdue.edu monitor.gpu.percent [0] 90.0
2023-05-04 12:03:59.143 gilbreth-e010.rcac.purdue.edu monitor.gpu.percent [1] 0.0
2023-05-04 12:04:00.200 gilbreth-e010.rcac.purdue.edu monitor.gpu.percent [0] 75.0
2023-05-04 12:04:00.200 gilbreth-e010.rcac.purdue.edu monitor.gpu.percent [1] 0.0
2023-05-04 12:04:01.236 gilbreth-e010.rcac.purdue.edu monitor.gpu.percent [0] 83.0
2023-05-04 12:04:01.236 gilbreth-e010.rcac.purdue.edu monitor.gpu.percent [1] 0.0
2023-05-04 12:04:02.285 gilbreth-e010.rcac.purdue.edu monitor.gpu.percent [0] 97.0
2023-05-04 12:04:02.285 gilbreth-e010.rcac.purdue.edu monitor.gpu.percent [1] 0.0
2023-05-04 12:04:03.323 gilbreth-e010.rcac.purdue.edu monitor.gpu.percent [0] 85.0
2023-05-04 12:04:03.323 gilbreth-e010.rcac.purdue.edu monitor.gpu.percent [1] 0.0
2023-05-04 12:04:04.367 gilbreth-e010.rcac.purdue.edu monitor.gpu.percent [0] 80.0
2023-05-04 12:04:04.367 gilbreth-e010.rcac.purdue.edu monitor.gpu.percent [1] 0.0
2023-05-04 12:04:05.410 gilbreth-e010.rcac.purdue.edu monitor.gpu.percent [0] 79.0
2023-05-04 12:04:05.410 gilbreth-e010.rcac.purdue.edu monitor.gpu.percent [1] 0.0
2023-05-04 12:04:06.443 gilbreth-e010.rcac.purdue.edu monitor.gpu.percent [0] 82.0
2023-05-04 12:04:06.444 gilbreth-e010.rcac.purdue.edu monitor.gpu.percent [1] 0.0
2023-05-04 12:04:07.487 gilbreth-e010.rcac.purdue.edu monitor.gpu.percent [0] 67.0
2023-05-04 12:04:07.487 gilbreth-e010.rcac.purdue.edu monitor.gpu.percent [1] 0.0
2023-05-04 12:04:08.528 gilbreth-e010.rcac.purdue.edu monitor.gpu.percent [0] 60.0
2023-05-04 12:04:08.528 gilbreth-e010.rcac.purdue.edu monitor.gpu.percent [1] 0.0
2023-05-04 12:04:09.579 gilbreth-e010.rcac.purdue.edu monitor.gpu.percent [0] 60.0
2023-05-04 12:04:09.579 gilbreth-e010.rcac.purdue.edu monitor.gpu.percent [1] 0.0
2023-05-04 12:04:10.612 gilbreth-e010.rcac.purdue.edu monitor.gpu.percent [0] 83.0
2023-05-04 12:04:10.612 gilbreth-e010.rcac.purdue.edu monitor.gpu.percent [1] 0.0
2023-05-04 12:04:11.659 gilbreth-e010.rcac.purdue.edu monitor.gpu.percent [0] 88.0
2023-05-04 12:04:11.659 gilbreth-e010.rcac.purdue.edu monitor.gpu.percent [1] 0.0
2023-05-04 12:04:12.687 gilbreth-e010.rcac.purdue.edu monitor.gpu.percent [0] 94.0
2023-05-04 12:04:12.687 gilbreth-e010.rcac.purdue.edu monitor.gpu.percent [1] 0.0
2023-05-04 12:04:13.733 gilbreth-e010.rcac.purdue.edu monitor.gpu.percent [0] 93.0
2023-05-04 12:04:13.734 gilbreth-e010.rcac.purdue.edu monitor.gpu.percent [1] 0.0
2023-05-04 12:04:14.784 gilbreth-e010.rcac.purdue.edu monitor.gpu.percent [0] 98.0
2023-05-04 12:04:14.784 gilbreth-e010.rcac.purdue.edu monitor.gpu.percent [1] 0.0
2023-05-04 12:04:15.827 gilbreth-e010.rcac.purdue.edu monitor.gpu.percent [0] 86.0
2023-05-04 12:04:15.828 gilbreth-e010.rcac.purdue.edu monitor.gpu.percent [1] 0.0
2023-05-04 12:04:16.867 gilbreth-e010.rcac.purdue.edu monitor.gpu.percent [0] 85.0
2023-05-04 12:04:16.867 gilbreth-e010.rcac.purdue.edu monitor.gpu.percent [1] 0.0
2023-05-04 12:04:17.912 gilbreth-e010.rcac.purdue.edu monitor.gpu.percent [0] 96.0
2023-05-04 12:04:17.912 gilbreth-e010.rcac.purdue.edu monitor.gpu.percent [1] 0.0
2023-05-04 12:04:18.956 gilbreth-e010.rcac.purdue.edu monitor.gpu.percent [0] 90.0
2023-05-04 12:04:18.956 gilbreth-e010.rcac.purdue.edu monitor.gpu.percent [1] 0.0
2023-05-04 12:04:19.996 gilbreth-e010.rcac.purdue.edu monitor.gpu.percent [0] 82.0
2023-05-04 12:04:19.996 gilbreth-e010.rcac.purdue.edu monitor.gpu.percent [1] 0.0
2023-05-04 12:04:21.033 gilbreth-e010.rcac.purdue.edu monitor.gpu.percent [0] 86.0
2023-05-04 12:04:21.034 gilbreth-e010.rcac.purdue.edu monitor.gpu.percent [1] 0.0
2023-05-04 12:04:22.076 gilbreth-e010.rcac.purdue.edu monitor.gpu.percent [0] 88.0
2023-05-04 12:04:22.076 gilbreth-e010.rcac.purdue.edu monitor.gpu.percent [1] 0.0
2023-05-04 12:04:23.112 gilbreth-e010.rcac.purdue.edu monitor.gpu.percent [0] 84.0
2023-05-04 12:04:23.112 gilbreth-e010.rcac.purdue.edu monitor.gpu.percent [1] 0.0
2023-05-04 12:04:24.146 gilbreth-e010.rcac.purdue.edu monitor.gpu.percent [0] 89.0
2023-05-04 12:04:24.147 gilbreth-e010.rcac.purdue.edu monitor.gpu.percent [1] 0.0
2023-05-04 12:04:25.199 gilbreth-e010.rcac.purdue.edu monitor.gpu.percent [0] 91.0
2023-05-04 12:04:25.199 gilbreth-e010.rcac.purdue.edu monitor.gpu.percent [1] 0.0
2023-05-04 12:04:26.239 gilbreth-e010.rcac.purdue.edu monitor.gpu.percent [0] 85.0
2023-05-04 12:04:26.239 gilbreth-e010.rcac.purdue.edu monitor.gpu.percent [1] 0.0
2023-05-04 12:04:27.293 gilbreth-e010.rcac.purdue.edu monitor.gpu.percent [0] 83.0
2023-05-04 12:04:27.293 gilbreth-e010.rcac.purdue.edu monitor.gpu.percent [1] 0.0
2023-05-04 12:04:28.331 gilbreth-e010.rcac.purdue.edu monitor.gpu.percent [0] 83.0
2023-05-04 12:04:28.331 gilbreth-e010.rcac.purdue.edu monitor.gpu.percent [1] 0.0
2023-05-04 12:04:29.392 gilbreth-e010.rcac.purdue.edu monitor.gpu.percent [0] 96.0
2023-05-04 12:04:29.392 gilbreth-e010.rcac.purdue.edu monitor.gpu.percent [1] 0.0
2023-05-04 12:04:30.438 gilbreth-e010.rcac.purdue.edu monitor.gpu.percent [0] 83.0
2023-05-04 12:04:30.438 gilbreth-e010.rcac.purdue.edu monitor.gpu.percent [1] 0.0
2023-05-04 12:04:31.476 gilbreth-e010.rcac.purdue.edu monitor.gpu.percent [0] 92.0
2023-05-04 12:04:31.476 gilbreth-e010.rcac.purdue.edu monitor.gpu.percent [1] 0.0
2023-05-04 12:04:32.518 gilbreth-e010.rcac.purdue.edu monitor.gpu.percent [0] 96.0
2023-05-04 12:04:32.519 gilbreth-e010.rcac.purdue.edu monitor.gpu.percent [1] 0.0
2023-05-04 12:04:33.554 gilbreth-e010.rcac.purdue.edu monitor.gpu.percent [0] 82.0
2023-05-04 12:04:33.554 gilbreth-e010.rcac.purdue.edu monitor.gpu.percent [1] 0.0
2023-05-04 12:04:34.593 gilbreth-e010.rcac.purdue.edu monitor.gpu.percent [0] 94.0
2023-05-04 12:04:34.593 gilbreth-e010.rcac.purdue.edu monitor.gpu.percent [1] 0.0
2023-05-04 12:04:35.631 gilbreth-e010.rcac.purdue.edu monitor.gpu.percent [0] 83.0
2023-05-04 12:04:35.631 gilbreth-e010.rcac.purdue.edu monitor.gpu.percent [1] 0.0
2023-05-04 12:04:36.670 gilbreth-e010.rcac.purdue.edu monitor.gpu.percent [0] 84.0
2023-05-04 12:04:36.670 gilbreth-e010.rcac.purdue.edu monitor.gpu.percent [1] 0.0
 [1] 0.0
2023-05-04 12:04:10.237 gilbreth-h001.rcac.purdue.edu monitor.gpu.percent [0] 69.0
2023-05-04 12:04:10.237 gilbreth-h001.rcac.purdue.edu monitor.gpu.percent [1] 0.0
2023-05-04 12:04:11.268 gilbreth-h001.rcac.purdue.edu monitor.gpu.percent [0] 85.0
2023-05-04 12:04:11.268 gilbreth-h001.rcac.purdue.edu monitor.gpu.percent [1] 0.0
2023-05-04 12:04:12.302 gilbreth-h001.rcac.purdue.edu monitor.gpu.percent [0] 62.0
2023-05-04 12:04:12.302 gilbreth-h001.rcac.purdue.edu monitor.gpu.percent [1] 0.0
2023-05-04 12:04:13.346 gilbreth-h001.rcac.purdue.edu monitor.gpu.percent [0] 90.0
2023-05-04 12:04:13.346 gilbreth-h001.rcac.purdue.edu monitor.gpu.percent [1] 0.0
2023-05-04 12:04:14.405 gilbreth-h001.rcac.purdue.edu monitor.gpu.percent [0] 64.0
2023-05-04 12:04:14.405 gilbreth-h001.rcac.purdue.edu monitor.gpu.percent [1] 0.0
2023-05-04 12:04:15.465 gilbreth-h001.rcac.purdue.edu monitor.gpu.percent [0] 85.0
2023-05-04 12:04:15.465 gilbreth-h001.rcac.purdue.edu monitor.gpu.percent [1] 0.0
2023-05-04 12:04:16.514 gilbreth-h001.rcac.purdue.edu monitor.gpu.percent [0] 86.0
2023-05-04 12:04:16.514 gilbreth-h001.rcac.purdue.edu monitor.gpu.percent [1] 0.0
2023-05-04 12:04:17.566 gilbreth-h001.rcac.purdue.edu monitor.gpu.percent [0] 81.0
2023-05-04 12:04:17.566 gilbreth-h001.rcac.purdue.edu monitor.gpu.percent [1] 0.0
2023-05-04 12:04:18.614 gilbreth-h001.rcac.purdue.edu monitor.gpu.percent [0] 79.0
2023-05-04 12:04:18.614 gilbreth-h001.rcac.purdue.edu monitor.gpu.percent [1] 0.0
2023-05-04 12:04:19.663 gilbreth-h001.rcac.purdue.edu monitor.gpu.percent [0] 90.0
2023-05-04 12:04:19.663 gilbreth-h001.rcac.purdue.edu monitor.gpu.percent [1] 0.0
2023-05-04 12:04:20.696 gilbreth-h001.rcac.purdue.edu monitor.gpu.percent [0] 88.0
2023-05-04 12:04:20.696 gilbreth-h001.rcac.purdue.edu monitor.gpu.percent [1] 0.0
2023-05-04 12:04:21.732 gilbreth-h001.rcac.purdue.edu monitor.gpu.percent [0] 84.0
2023-05-04 12:04:21.732 gilbreth-h001.rcac.purdue.edu monitor.gpu.percent [1] 0.0
2023-05-04 12:04:22.780 gilbreth-h001.rcac.purdue.edu monitor.gpu.percent [0] 88.0
2023-05-04 12:04:22.780 gilbreth-h001.rcac.purdue.edu monitor.gpu.percent [1] 0.0
2023-05-04 12:04:23.813 gilbreth-h001.rcac.purdue.edu monitor.gpu.percent [0] 86.0
2023-05-04 12:04:23.813 gilbreth-h001.rcac.purdue.edu monitor.gpu.percent [1] 0.0
2023-05-04 12:04:24.847 gilbreth-h001.rcac.purdue.edu monitor.gpu.percent [0] 83.0
2023-05-04 12:04:24.847 gilbreth-h001.rcac.purdue.edu monitor.gpu.percent [1] 0.0
2023-05-04 12:04:25.879 gilbreth-h001.rcac.purdue.edu monitor.gpu.percent [0] 82.0
2023-05-04 12:04:25.879 gilbreth-h001.rcac.purdue.edu monitor.gpu.percent [1] 0.0
2023-05-04 12:04:26.916 gilbreth-h001.rcac.purdue.edu monitor.gpu.percent [0] 78.0
2023-05-04 12:04:26.916 gilbreth-h001.rcac.purdue.edu monitor.gpu.percent [1] 0.0
2023-05-04 12:04:27.948 gilbreth-h001.rcac.purdue.edu monitor.gpu.percent [0] 86.0
2023-05-04 12:04:27.948 gilbreth-h001.rcac.purdue.edu monitor.gpu.percent [1] 0.0
2023-05-04 12:04:28.979 gilbreth-h001.rcac.purdue.edu monitor.gpu.percent [0] 88.0
2023-05-04 12:04:28.979 gilbreth-h001.rcac.purdue.edu monitor.gpu.percent [1] 0.0
2023-05-04 12:04:30.024 gilbreth-h001.rcac.purdue.edu monitor.gpu.percent [0] 74.0
2023-05-04 12:04:30.024 gilbreth-h001.rcac.purdue.edu monitor.gpu.percent [1] 0.0
2023-05-04 12:04:31.078 gilbreth-h001.rcac.purdue.edu monitor.gpu.percent [0] 81.0
2023-05-04 12:04:31.078 gilbreth-h001.rcac.purdue.edu monitor.gpu.percent [1] 0.0
2023-05-04 12:04:32.140 gilbreth-h001.rcac.purdue.edu monitor.gpu.percent [0] 88.0
2023-05-04 12:04:32.141 gilbreth-h001.rcac.purdue.edu monitor.gpu.percent [1] 0.0
2023-05-04 12:04:33.188 gilbreth-h001.rcac.purdue.edu monitor.gpu.percent [0] 89.0
2023-05-04 12:04:33.188 gilbreth-h001.rcac.purdue.edu monitor.gpu.percent [1] 0.0
2023-05-04 12:04:34.234 gilbreth-h001.rcac.purdue.edu monitor.gpu.percent [0] 57.0
2023-05-04 12:04:34.234 gilbreth-h001.rcac.purdue.edu monitor.gpu.percent [1] 0.0
2023-05-04 12:04:35.279 gilbreth-h001.rcac.purdue.edu monitor.gpu.percent [0] 89.0
2023-05-04 12:04:35.280 gilbreth-h001.rcac.purdue.edu monitor.gpu.percent [1] 0.0
2023-05-04 12:04:36.322 gilbreth-h001.rcac.purdue.edu monitor.gpu.percent [0] 74.0
2023-05-04 12:04:36.322 gilbreth-h001.rcac.purdue.edu monitor.gpu.percent [1] 0.0
